<?xml version="1.0" encoding="UTF-8"?>
<!-- Generated by org.testng.reporters.JUnitReportReporter -->
<testsuite name="Utility.GetClass" tests="1" time="2.688" ignored="0" failures="0" timestamp="05 May 2017 12:25:10 GMT" skipped="0" hostname="INC00689" errors="0">
  <testcase name="GET" time="2.688" classname="Utility.GetClass"/>
</testsuite> <!-- Utility.GetClass -->
