<?xml version="1.0" encoding="UTF-8"?>
<!-- Generated by org.testng.reporters.JUnitReportReporter -->
<testsuite name="TestNG.T1" tests="1" time="3.706" ignored="0" failures="0" timestamp="06 Jun 2017 06:00:06 GMT" skipped="0" hostname="INC00689" errors="0">
  <testcase name="main" time="3.706" classname="TestNG.T1"/>
</testsuite> <!-- TestNG.T1 -->
