<?xml version="1.0" encoding="UTF-8"?>
<!-- Generated by org.testng.reporters.JUnitReportReporter -->
<testsuite name="Test_Case.Update" tests="1" time="2.678" ignored="0" failures="0" timestamp="05 Jun 2017 06:47:22 GMT" skipped="0" hostname="INC00689" errors="0">
  <testcase name="test" time="2.678" classname="Test_Case.Update"/>
</testsuite> <!-- Test_Case.Update -->
