<?xml version="1.0" encoding="UTF-8"?>
<!-- Generated by org.testng.reporters.JUnitReportReporter -->
<testsuite name="Test_Case.Create" tests="1" time="2.869" ignored="0" failures="0" timestamp="05 Jun 2017 07:17:36 GMT" skipped="0" hostname="INC00689" errors="0">
  <testcase name="test" time="2.869" classname="Test_Case.Create"/>
</testsuite> <!-- Test_Case.Create -->
