<?xml version="1.0" encoding="UTF-8"?>
<!-- Generated by org.testng.reporters.JUnitReportReporter -->
<testsuite name="TestCase.Update" tests="1" time="3.088" ignored="0" failures="0" timestamp="31 May 2017 09:26:38 GMT" skipped="0" hostname="INC00689" errors="0">
  <testcase name="test" time="3.088" classname="TestCase.Update"/>
</testsuite> <!-- TestCase.Update -->
