<?xml version="1.0" encoding="UTF-8"?>
<!-- Generated by org.testng.reporters.JUnitReportReporter -->
<testsuite name="Test_Case.DynamicQ" tests="1" time="2.616" ignored="0" failures="0" timestamp="01 Jun 2017 09:40:44 GMT" skipped="0" hostname="INC00689" errors="0">
  <testcase name="test" time="2.616" classname="Test_Case.DynamicQ"/>
</testsuite> <!-- Test_Case.DynamicQ -->
