<?xml version="1.0" encoding="UTF-8"?>
<!-- Generated by org.testng.reporters.JUnitReportReporter -->
<testsuite name="TestCase.Get" tests="1" time="3.263" ignored="0" failures="0" timestamp="31 May 2017 07:02:53 GMT" skipped="0" hostname="INC00689" errors="0">
  <testcase name="test" time="3.263" classname="TestCase.Get"/>
</testsuite> <!-- TestCase.Get -->
