<?xml version="1.0" encoding="UTF-8"?>
<!-- Generated by org.testng.reporters.JUnitReportReporter -->
<testsuite name="DB_Connection.Lookup_config" tests="1" time="0.961" ignored="0" failures="0" timestamp="05 Jun 2017 08:59:06 GMT" skipped="0" hostname="INC00689" errors="0">
  <testcase name="main" time="0.961" classname="DB_Connection.Lookup_config"/>
</testsuite> <!-- DB_Connection.Lookup_config -->
