<?xml version="1.0" encoding="UTF-8"?>
<!-- Generated by org.testng.reporters.JUnitReportReporter -->
<testsuite name="Utility.PostClass" tests="1" time="2.157" ignored="0" failures="0" timestamp="05 May 2017 09:39:38 GMT" skipped="0" hostname="INC00689" errors="0">
  <testcase name="POST" time="2.157" classname="Utility.PostClass"/>
</testsuite> <!-- Utility.PostClass -->
