<?xml version="1.0" encoding="UTF-8"?>
<!-- Generated by org.testng.reporters.JUnitReportReporter -->
<testsuite name="TestCase.DynamicQ" tests="1" time="2.657" ignored="0" failures="0" timestamp="01 Jun 2017 07:10:14 GMT" skipped="0" hostname="INC00689" errors="0">
  <testcase name="test" time="2.657" classname="TestCase.DynamicQ"/>
</testsuite> <!-- TestCase.DynamicQ -->
