<?xml version="1.0" encoding="UTF-8"?>
<!-- Generated by org.testng.reporters.JUnitReportReporter -->
<testsuite name="TestCase.GetAll" tests="1" time="2.702" ignored="0" failures="0" timestamp="31 May 2017 09:33:18 GMT" skipped="0" hostname="INC00689" errors="0">
  <testcase name="test" time="2.702" classname="TestCase.GetAll"/>
</testsuite> <!-- TestCase.GetAll -->
