<?xml version="1.0" encoding="UTF-8"?>
<!-- Generated by org.testng.reporters.JUnitReportReporter -->
<testsuite name="TestCase.DeleteConstraint" tests="1" time="2.934" ignored="0" failures="0" timestamp="31 May 2017 11:04:39 GMT" skipped="0" hostname="INC00689" errors="0">
  <testcase name="test" time="2.934" classname="TestCase.DeleteConstraint"/>
</testsuite> <!-- TestCase.DeleteConstraint -->
