<?xml version="1.0" encoding="UTF-8"?>
<!-- Generated by org.testng.reporters.JUnitReportReporter -->
<testsuite name="TestCase.TS1" tests="1" time="2.697" ignored="0" failures="0" timestamp="31 May 2017 07:12:10 GMT" skipped="0" hostname="INC00689" errors="0">
  <testcase name="test" time="2.697" classname="TestCase.TS1"/>
</testsuite> <!-- TestCase.TS1 -->
