<?xml version="1.0" encoding="UTF-8"?>
<!-- Generated by org.testng.reporters.JUnitReportReporter -->
<testsuite name="TestCase.TS2" tests="1" time="3.919" ignored="0" failures="0" timestamp="30 May 2017 13:29:53 GMT" skipped="0" hostname="INC00689" errors="0">
  <testcase name="test" time="3.919" classname="TestCase.TS2"/>
</testsuite> <!-- TestCase.TS2 -->
